2025-04-04T16:37:42.746807: 	 INFO: System started
2025-04-04T16:37:42.749056: 	 IMPORTANT: Critical update required
2025-04-04T16:37:42.749994: 	 ERROR 404: Resource not found
2025-04-04T16:38:17.890833: 	 INFO: System started
2025-04-04T16:38:17.892547: 	 ERROR 404: Resource not found
2025-04-04T16:38:29.759831: 	 INFO: System started
2025-04-04T16:38:29.761667: 	 ERROR 404: Resource not found
2025-04-04T16:39:20.355779: 	 INFO: System started
2025-04-04T16:53:15.751087: 	 INFO: System started
2025-04-04T17:10:21.147131: 	 INFO: System started
2025-04-04T17:10:21.151580: 	 ERROR 404: Resource not found
2025-04-10T12:43:10.381838: 	 INFO: System started
2025-04-10T12:43:10.386822: 	 ERROR 404: Resource not found
2025-04-27T23:27:58.956248: 	 INFO: System started
2025-04-27T23:27:58.962421: 	 ERROR 404: Resource not found
2025-05-30T15:34:13.446255: 	 INFO: System started
2025-05-30T15:34:13.452479: 	 ERROR 404: Resource not found
2025-05-30T15:34:31.636305: 	 INFO: System started
2025-05-30T15:34:33.646376: 	 ERROR 404: Resource not found2025-06-01T17:00:07.197701: 	 INFO: System started
2025-06-01T17:00:07.203085: 	 ERROR 404: Resource not found
2025-06-01T20:12:31.513104: 	 INFO: System started
2025-06-01T20:12:31.518516: 	 ERROR 404: Resource not found
2025-06-01T20:19:55.886272: 	 INFO: System started
2025-06-01T20:19:55.890894: 	 ERROR 404: Resource not found
2025-06-11T15:48:59.092160: 	 ERROR 404: Resource not found2025-06-11T20:03:55.944142: 	 ERROR 404: Resource not found
2025-06-11T20:03:59.858335: 	 ERROR 404: Resource not found
2025-06-11T20:04:15.624112: 	 ERROR 404: Resource not found
2025-06-11T20:09:32.330278: 	 ERROR 404: Resource not found
2025-06-11T20:09:34.799108: 	 ERROR 404: Resource not found

